Determining if the pthread_create exist failed with the following output:
Change Dir: /home/user1/catkin_ws/src/build-triclops_vision-Desktop_Qt_5_6_0_GCC_64bit-Default/CMakeFiles/CMakeTmp

Run Build Command:/usr/bin/make "cmTryCompileExec771028314/fast"
/usr/bin/make -f CMakeFiles/cmTryCompileExec771028314.dir/build.make CMakeFiles/cmTryCompileExec771028314.dir/build
make[1]: Entering directory `/home/user1/catkin_ws/src/build-triclops_vision-Desktop_Qt_5_6_0_GCC_64bit-Default/CMakeFiles/CMakeTmp'
/usr/bin/cmake -E cmake_progress_report /home/user1/catkin_ws/src/build-triclops_vision-Desktop_Qt_5_6_0_GCC_64bit-Default/CMakeFiles/CMakeTmp/CMakeFiles 1
Building C object CMakeFiles/cmTryCompileExec771028314.dir/CheckSymbolExists.c.o
/usr/bin/cc    -o CMakeFiles/cmTryCompileExec771028314.dir/CheckSymbolExists.c.o   -c /home/user1/catkin_ws/src/build-triclops_vision-Desktop_Qt_5_6_0_GCC_64bit-Default/CMakeFiles/CMakeTmp/CheckSymbolExists.c
Linking C executable cmTryCompileExec771028314
/usr/bin/cmake -E cmake_link_script CMakeFiles/cmTryCompileExec771028314.dir/link.txt --verbose=1
/usr/bin/cc       CMakeFiles/cmTryCompileExec771028314.dir/CheckSymbolExists.c.o  -o cmTryCompileExec771028314 -rdynamic 
CMakeFiles/cmTryCompileExec771028314.dir/CheckSymbolExists.c.o: In function `main':
CheckSymbolExists.c:(.text+0x16): undefined reference to `pthread_create'
collect2: error: ld returned 1 exit status
make[1]: *** [cmTryCompileExec771028314] Error 1
make[1]: Leaving directory `/home/user1/catkin_ws/src/build-triclops_vision-Desktop_Qt_5_6_0_GCC_64bit-Default/CMakeFiles/CMakeTmp'
make: *** [cmTryCompileExec771028314/fast] Error 2

File /home/user1/catkin_ws/src/build-triclops_vision-Desktop_Qt_5_6_0_GCC_64bit-Default/CMakeFiles/CMakeTmp/CheckSymbolExists.c:
/* */
#include <pthread.h>

int main(int argc, char** argv)
{
  (void)argv;
#ifndef pthread_create
  return ((int*)(&pthread_create))[argc];
#else
  (void)argc;
  return 0;
#endif
}

Determining if the function pthread_create exists in the pthreads failed with the following output:
Change Dir: /home/user1/catkin_ws/src/build-triclops_vision-Desktop_Qt_5_6_0_GCC_64bit-Default/CMakeFiles/CMakeTmp

Run Build Command:/usr/bin/make "cmTryCompileExec4142234593/fast"
/usr/bin/make -f CMakeFiles/cmTryCompileExec4142234593.dir/build.make CMakeFiles/cmTryCompileExec4142234593.dir/build
make[1]: Entering directory `/home/user1/catkin_ws/src/build-triclops_vision-Desktop_Qt_5_6_0_GCC_64bit-Default/CMakeFiles/CMakeTmp'
/usr/bin/cmake -E cmake_progress_report /home/user1/catkin_ws/src/build-triclops_vision-Desktop_Qt_5_6_0_GCC_64bit-Default/CMakeFiles/CMakeTmp/CMakeFiles 1
Building C object CMakeFiles/cmTryCompileExec4142234593.dir/CheckFunctionExists.c.o
/usr/bin/cc   -DCHECK_FUNCTION_EXISTS=pthread_create   -o CMakeFiles/cmTryCompileExec4142234593.dir/CheckFunctionExists.c.o   -c /usr/share/cmake-2.8/Modules/CheckFunctionExists.c
Linking C executable cmTryCompileExec4142234593
/usr/bin/cmake -E cmake_link_script CMakeFiles/cmTryCompileExec4142234593.dir/link.txt --verbose=1
/usr/bin/cc   -DCHECK_FUNCTION_EXISTS=pthread_create    CMakeFiles/cmTryCompileExec4142234593.dir/CheckFunctionExists.c.o  -o cmTryCompileExec4142234593 -rdynamic -lpthreads 
/usr/bin/ld: cannot find -lpthreads
collect2: error: ld returned 1 exit status
make[1]: Leaving directory `/home/user1/catkin_ws/src/build-triclops_vision-Desktop_Qt_5_6_0_GCC_64bit-Default/CMakeFiles/CMakeTmp'
make[1]: *** [cmTryCompileExec4142234593] Error 1
make: *** [cmTryCompileExec4142234593/fast] Error 2


